build/app/intermediates/manifest_merge_blame_file/release/manifest-merger-blame-release-report.txt
1<?xml version="1.0" encoding="utf-8"?>
2<manifest xmlns:android="http://schemas.android.com/apk/res/android"
3    package="gallery.hidepictures.photovault.lockgallery.gallery_vault"
4    android:versionCode="1"
5    android:versionName="1.0.0" >
6
7    <uses-sdk
8        android:minSdkVersion="21"
8-->src\main\AndroidManifest.xml
9        android:targetSdkVersion="33" />
9-->src\main\AndroidManifest.xml
10
11    <uses-permission android:name="android.permission.INTERNET" />
11-->src\main\AndroidManifest.xml:3:5-67
11-->src\main\AndroidManifest.xml:3:22-64
12    <uses-permission android:name="android.permission.READ_EXTERNAL_STORAGE" />
12-->src\main\AndroidManifest.xml:4:5-79
12-->src\main\AndroidManifest.xml:4:22-77
13    <uses-permission android:name="android.permission.WRITE_EXTERNAL_STORAGE" />
13-->src\main\AndroidManifest.xml:5:5-80
13-->src\main\AndroidManifest.xml:5:22-78
14    <uses-permission android:name="android.permission.READ_MEDIA_VIDEO" />
14-->src\main\AndroidManifest.xml:6:5-74
14-->src\main\AndroidManifest.xml:6:22-72
15    <uses-permission android:name="android.permission.WAKE_LOCK" />
15-->src\main\AndroidManifest.xml:7:5-67
15-->src\main\AndroidManifest.xml:7:22-65
16    <uses-permission android:name="android.permission.READ_MEDIA_IMAGES" />
16-->src\main\AndroidManifest.xml:8:5-75
16-->src\main\AndroidManifest.xml:8:22-73
17    <uses-permission android:name="android.permission.READ_MEDIA_VIDEO" />
17-->src\main\AndroidManifest.xml:6:5-74
17-->src\main\AndroidManifest.xml:6:22-72
18    <uses-permission android:name="android.permission.READ_MEDIA_AUDIO" />
18-->src\main\AndroidManifest.xml:10:5-74
18-->src\main\AndroidManifest.xml:10:22-72
19    <uses-permission android:name="android.permission.SET_WALLPAPER" />
19-->[:flutter_wallpaper_manager] AndroidManifest.xml:7:5-72
19-->[:flutter_wallpaper_manager] AndroidManifest.xml:7:22-69
20    <uses-permission android:name="android.permission.ACCESS_NETWORK_STATE" /> <!-- Create a unique permission for your app and use it so only your app can receive your OneSignal messages. -->
20-->[:connectivity_plus] AndroidManifest.xml:7:5-79
20-->[:connectivity_plus] AndroidManifest.xml:7:22-76
21    <permission
21-->[com.onesignal:OneSignal:4.8.5] AndroidManifest.xml:7:5-9:47
22        android:name="gallery.hidepictures.photovault.lockgallery.gallery_vault.permission.C2D_MESSAGE"
22-->[com.onesignal:OneSignal:4.8.5] AndroidManifest.xml:8:9-63
23        android:protectionLevel="signature" />
23-->[com.onesignal:OneSignal:4.8.5] AndroidManifest.xml:9:9-44
24
25    <uses-permission android:name="gallery.hidepictures.photovault.lockgallery.gallery_vault.permission.C2D_MESSAGE" /> <!-- OneSignal SDK has runtime checks Android version. -->
25-->[com.onesignal:OneSignal:4.8.5] AndroidManifest.xml:11:5-79
25-->[com.onesignal:OneSignal:4.8.5] AndroidManifest.xml:11:22-76
26    <!-- <uses-sdk tools:overrideLibrary="android.support.customtabs"/> -->
27    <!-- Required runtime permission to display notifications on Android 13 -->
28    <uses-permission android:name="android.permission.POST_NOTIFICATIONS" /> <!-- c2dm RECEIVE are basic requirements for push messages through Google's FCM -->
28-->[com.onesignal:OneSignal:4.8.5] AndroidManifest.xml:16:5-77
28-->[com.onesignal:OneSignal:4.8.5] AndroidManifest.xml:16:22-74
29    <uses-permission android:name="com.google.android.c2dm.permission.RECEIVE" />
29-->[com.onesignal:OneSignal:4.8.5] AndroidManifest.xml:18:5-82
29-->[com.onesignal:OneSignal:4.8.5] AndroidManifest.xml:18:22-79
30    <!--
31 Required so the device vibrates on receiving a push notification.
32         Vibration settings of the device still apply.
33    -->
34    <uses-permission android:name="android.permission.VIBRATE" />
34-->[com.onesignal:OneSignal:4.8.5] AndroidManifest.xml:24:5-66
34-->[com.onesignal:OneSignal:4.8.5] AndroidManifest.xml:24:22-63
35    <!--
36 Use to restore notifications the user hasn't interacted with.
37         They could be missed notifications if the user reboots their device if this isn't in place.
38    -->
39    <uses-permission android:name="android.permission.RECEIVE_BOOT_COMPLETED" /> <!-- START: ShortcutBadger -->
39-->[com.onesignal:OneSignal:4.8.5] AndroidManifest.xml:30:5-81
39-->[com.onesignal:OneSignal:4.8.5] AndroidManifest.xml:30:22-78
40    <!-- Samsung -->
41    <uses-permission android:name="com.sec.android.provider.badge.permission.READ" />
41-->[com.onesignal:OneSignal:4.8.5] AndroidManifest.xml:32:5-86
41-->[com.onesignal:OneSignal:4.8.5] AndroidManifest.xml:32:22-83
42    <uses-permission android:name="com.sec.android.provider.badge.permission.WRITE" /> <!-- HTC -->
42-->[com.onesignal:OneSignal:4.8.5] AndroidManifest.xml:33:5-87
42-->[com.onesignal:OneSignal:4.8.5] AndroidManifest.xml:33:22-84
43    <uses-permission android:name="com.htc.launcher.permission.READ_SETTINGS" />
43-->[com.onesignal:OneSignal:4.8.5] AndroidManifest.xml:34:5-81
43-->[com.onesignal:OneSignal:4.8.5] AndroidManifest.xml:34:22-78
44    <uses-permission android:name="com.htc.launcher.permission.UPDATE_SHORTCUT" /> <!-- Sony -->
44-->[com.onesignal:OneSignal:4.8.5] AndroidManifest.xml:35:5-83
44-->[com.onesignal:OneSignal:4.8.5] AndroidManifest.xml:35:22-80
45    <uses-permission android:name="com.sonyericsson.home.permission.BROADCAST_BADGE" />
45-->[com.onesignal:OneSignal:4.8.5] AndroidManifest.xml:36:5-88
45-->[com.onesignal:OneSignal:4.8.5] AndroidManifest.xml:36:22-85
46    <uses-permission android:name="com.sonymobile.home.permission.PROVIDER_INSERT_BADGE" /> <!-- Apex -->
46-->[com.onesignal:OneSignal:4.8.5] AndroidManifest.xml:37:5-92
46-->[com.onesignal:OneSignal:4.8.5] AndroidManifest.xml:37:22-89
47    <uses-permission android:name="com.anddoes.launcher.permission.UPDATE_COUNT" /> <!-- Solid -->
47-->[com.onesignal:OneSignal:4.8.5] AndroidManifest.xml:38:5-84
47-->[com.onesignal:OneSignal:4.8.5] AndroidManifest.xml:38:22-81
48    <uses-permission android:name="com.majeur.launcher.permission.UPDATE_BADGE" /> <!-- Huawei -->
48-->[com.onesignal:OneSignal:4.8.5] AndroidManifest.xml:39:5-83
48-->[com.onesignal:OneSignal:4.8.5] AndroidManifest.xml:39:22-80
49    <uses-permission android:name="com.huawei.android.launcher.permission.CHANGE_BADGE" />
49-->[com.onesignal:OneSignal:4.8.5] AndroidManifest.xml:40:5-91
49-->[com.onesignal:OneSignal:4.8.5] AndroidManifest.xml:40:22-88
50    <uses-permission android:name="com.huawei.android.launcher.permission.READ_SETTINGS" />
50-->[com.onesignal:OneSignal:4.8.5] AndroidManifest.xml:41:5-92
50-->[com.onesignal:OneSignal:4.8.5] AndroidManifest.xml:41:22-89
51    <uses-permission android:name="com.huawei.android.launcher.permission.WRITE_SETTINGS" /> <!-- ZUK -->
51-->[com.onesignal:OneSignal:4.8.5] AndroidManifest.xml:42:5-93
51-->[com.onesignal:OneSignal:4.8.5] AndroidManifest.xml:42:22-90
52    <uses-permission android:name="android.permission.READ_APP_BADGE" /> <!-- OPPO -->
52-->[com.onesignal:OneSignal:4.8.5] AndroidManifest.xml:43:5-73
52-->[com.onesignal:OneSignal:4.8.5] AndroidManifest.xml:43:22-70
53    <uses-permission android:name="com.oppo.launcher.permission.READ_SETTINGS" />
53-->[com.onesignal:OneSignal:4.8.5] AndroidManifest.xml:44:5-82
53-->[com.onesignal:OneSignal:4.8.5] AndroidManifest.xml:44:22-79
54    <uses-permission android:name="com.oppo.launcher.permission.WRITE_SETTINGS" /> <!-- EvMe -->
54-->[com.onesignal:OneSignal:4.8.5] AndroidManifest.xml:45:5-83
54-->[com.onesignal:OneSignal:4.8.5] AndroidManifest.xml:45:22-80
55    <uses-permission android:name="me.everything.badger.permission.BADGE_COUNT_READ" />
55-->[com.onesignal:OneSignal:4.8.5] AndroidManifest.xml:46:5-88
55-->[com.onesignal:OneSignal:4.8.5] AndroidManifest.xml:46:22-85
56    <uses-permission android:name="me.everything.badger.permission.BADGE_COUNT_WRITE" />
56-->[com.onesignal:OneSignal:4.8.5] AndroidManifest.xml:47:5-89
56-->[com.onesignal:OneSignal:4.8.5] AndroidManifest.xml:47:22-86
57    <uses-permission android:name="android.permission.FOREGROUND_SERVICE" />
57-->[androidx.work:work-runtime:2.7.1] AndroidManifest.xml:28:5-77
57-->[androidx.work:work-runtime:2.7.1] AndroidManifest.xml:28:22-74
58
59    <permission
59-->[androidx.core:core:1.10.1] AndroidManifest.xml:22:5-24:47
60        android:name="gallery.hidepictures.photovault.lockgallery.gallery_vault.DYNAMIC_RECEIVER_NOT_EXPORTED_PERMISSION"
60-->[androidx.core:core:1.10.1] AndroidManifest.xml:23:9-81
61        android:protectionLevel="signature" />
61-->[androidx.core:core:1.10.1] AndroidManifest.xml:24:9-44
62
63    <uses-permission android:name="gallery.hidepictures.photovault.lockgallery.gallery_vault.DYNAMIC_RECEIVER_NOT_EXPORTED_PERMISSION" /> <!-- <uses-permission android:name="android.permission.MANAGE_EXTERNAL_STORAGE" -->
63-->[androidx.core:core:1.10.1] AndroidManifest.xml:26:5-97
63-->[androidx.core:core:1.10.1] AndroidManifest.xml:26:22-94
64    <!-- tools:ignore="ScopedStorage" /> -->
65    <application
66        android:name="android.app.Application"
66-->src\main\AndroidManifest.xml:17:9-42
67        android:appComponentFactory="androidx.core.app.CoreComponentFactory"
67-->[androidx.core:core:1.10.1] AndroidManifest.xml:28:18-86
68        android:icon="@mipmap/ic_launcher"
68-->src\main\AndroidManifest.xml:18:9-43
69        android:label="Gallery - Vault, Photo, Album"
69-->src\main\AndroidManifest.xml:16:9-54
70        android:requestLegacyExternalStorage="true" >
70-->src\main\AndroidManifest.xml:19:9-52
71        <activity
71-->src\main\AndroidManifest.xml:20:9-40:20
72            android:name="gallery.hidepictures.photovault.lockgallery.gallery_vault.MainActivity"
72-->src\main\AndroidManifest.xml:21:13-41
73            android:configChanges="orientation|keyboardHidden|keyboard|screenSize|smallestScreenSize|locale|layoutDirection|fontScale|screenLayout|density|uiMode"
73-->src\main\AndroidManifest.xml:25:13-163
74            android:exported="true"
74-->src\main\AndroidManifest.xml:22:13-36
75            android:hardwareAccelerated="true"
75-->src\main\AndroidManifest.xml:26:13-47
76            android:launchMode="singleTop"
76-->src\main\AndroidManifest.xml:23:13-43
77            android:theme="@style/LaunchTheme"
77-->src\main\AndroidManifest.xml:24:13-47
78            android:windowSoftInputMode="adjustResize" >
78-->src\main\AndroidManifest.xml:27:13-55
79
80            <!--
81                 Specifies an Android theme to apply to this Activity as soon as
82                 the Android process has started. This theme is visible to the user
83                 while the Flutter UI initializes. After that, this theme continues
84                 to determine the Window background behind the Flutter UI.
85            -->
86            <meta-data
86-->src\main\AndroidManifest.xml:32:13-35:17
87                android:name="io.flutter.embedding.android.NormalTheme"
87-->src\main\AndroidManifest.xml:33:15-70
88                android:resource="@style/NormalTheme" />
88-->src\main\AndroidManifest.xml:34:15-52
89
90            <intent-filter>
90-->src\main\AndroidManifest.xml:36:13-39:29
91                <action android:name="android.intent.action.MAIN" />
91-->src\main\AndroidManifest.xml:37:17-68
91-->src\main\AndroidManifest.xml:37:25-66
92
93                <category android:name="android.intent.category.LAUNCHER" />
93-->src\main\AndroidManifest.xml:38:17-76
93-->src\main\AndroidManifest.xml:38:27-74
94            </intent-filter>
95        </activity>
96
97        <provider
98            android:name="androidx.core.content.FileProvider"
98-->src\main\AndroidManifest.xml:42:13-62
99            android:authorities="gallery.hidepictures.photovault.lockgallery.gallery_vault.fileProvider"
99-->src\main\AndroidManifest.xml:43:13-64
100            android:exported="false"
100-->src\main\AndroidManifest.xml:44:13-37
101            android:grantUriPermissions="true" >
101-->src\main\AndroidManifest.xml:45:13-47
102            <meta-data
102-->src\main\AndroidManifest.xml:47:13-50:52
103                android:name="android.support.FILE_PROVIDER_PATHS"
103-->src\main\AndroidManifest.xml:48:17-67
104                android:resource="@xml/filepaths" />
104-->src\main\AndroidManifest.xml:49:17-50
105        </provider>
106        <!--
107             Don't delete the meta-data below.
108             This is used by the Flutter tool to generate GeneratedPluginRegistrant.java
109        -->
110        <!-- <meta-data -->
111        <!-- android:name="com.google.android.gms.ads.APPLICATION_ID" -->
112        <!-- android:value="ca-app-pub-3940256099942544~3347511713"/> -->
113        <meta-data
113-->src\main\AndroidManifest.xml:57:9-59:33
114            android:name="flutterEmbedding"
114-->src\main\AndroidManifest.xml:58:13-44
115            android:value="2" />
115-->src\main\AndroidManifest.xml:59:13-30
116
117        <provider
117-->[:image_picker_android] AndroidManifest.xml:8:9-16:20
118            android:name="io.flutter.plugins.imagepicker.ImagePickerFileProvider"
118-->[:image_picker_android] AndroidManifest.xml:9:13-82
119            android:authorities="gallery.hidepictures.photovault.lockgallery.gallery_vault.flutter.image_provider"
119-->[:image_picker_android] AndroidManifest.xml:10:13-74
120            android:exported="false"
120-->[:image_picker_android] AndroidManifest.xml:11:13-37
121            android:grantUriPermissions="true" >
121-->[:image_picker_android] AndroidManifest.xml:12:13-47
122            <meta-data
122-->src\main\AndroidManifest.xml:47:13-50:52
123                android:name="android.support.FILE_PROVIDER_PATHS"
123-->src\main\AndroidManifest.xml:48:17-67
124                android:resource="@xml/flutter_image_picker_file_paths" />
124-->src\main\AndroidManifest.xml:49:17-50
125        </provider>
126
127        <activity
127-->[:url_launcher_android] AndroidManifest.xml:8:9-11:74
128            android:name="io.flutter.plugins.urllauncher.WebViewActivity"
128-->[:url_launcher_android] AndroidManifest.xml:9:13-74
129            android:exported="false"
129-->[:url_launcher_android] AndroidManifest.xml:10:13-37
130            android:theme="@android:style/Theme.NoTitleBar.Fullscreen" />
130-->[:url_launcher_android] AndroidManifest.xml:11:13-71
131
132        <provider
132-->[:open_file] AndroidManifest.xml:9:9-18:20
133            android:name="com.crazecoder.openfile.FileProvider"
133-->[:open_file] AndroidManifest.xml:10:13-64
134            android:authorities="gallery.hidepictures.photovault.lockgallery.gallery_vault.fileProvider.com.crazecoder.openfile"
134-->[:open_file] AndroidManifest.xml:11:13-88
135            android:exported="false"
135-->[:open_file] AndroidManifest.xml:12:13-37
136            android:grantUriPermissions="true" >
136-->[:open_file] AndroidManifest.xml:13:13-47
137            <meta-data
137-->src\main\AndroidManifest.xml:47:13-50:52
138                android:name="android.support.FILE_PROVIDER_PATHS"
138-->src\main\AndroidManifest.xml:48:17-67
139                android:resource="@xml/filepaths" />
139-->src\main\AndroidManifest.xml:49:17-50
140        </provider>
141        <!--
142           Declares a provider which allows us to store files to share in
143           '.../caches/share_plus' and grant the receiving action access
144        -->
145        <provider
145-->[:share_plus] AndroidManifest.xml:13:9-21:20
146            android:name="dev.fluttercommunity.plus.share.ShareFileProvider"
146-->[:share_plus] AndroidManifest.xml:14:13-77
147            android:authorities="gallery.hidepictures.photovault.lockgallery.gallery_vault.flutter.share_provider"
147-->[:share_plus] AndroidManifest.xml:15:13-74
148            android:exported="false"
148-->[:share_plus] AndroidManifest.xml:16:13-37
149            android:grantUriPermissions="true" >
149-->[:share_plus] AndroidManifest.xml:17:13-47
150            <meta-data
150-->src\main\AndroidManifest.xml:47:13-50:52
151                android:name="android.support.FILE_PROVIDER_PATHS"
151-->src\main\AndroidManifest.xml:48:17-67
152                android:resource="@xml/flutter_share_file_paths" />
152-->src\main\AndroidManifest.xml:49:17-50
153        </provider>
154        <!--
155           This manifest declared broadcast receiver allows us to use an explicit
156           Intent when creating a PendingItent to be informed of the user's choice
157        -->
158        <receiver
158-->[:share_plus] AndroidManifest.xml:26:9-32:20
159            android:name="dev.fluttercommunity.plus.share.SharePlusPendingIntent"
159-->[:share_plus] AndroidManifest.xml:27:13-82
160            android:exported="false" >
160-->[:share_plus] AndroidManifest.xml:28:13-37
161            <intent-filter>
161-->[:share_plus] AndroidManifest.xml:29:13-31:29
162                <action android:name="EXTRA_CHOSEN_COMPONENT" />
162-->[:share_plus] AndroidManifest.xml:30:17-65
162-->[:share_plus] AndroidManifest.xml:30:25-62
163            </intent-filter>
164        </receiver>
165        <receiver
165-->[com.onesignal:OneSignal:4.8.5] AndroidManifest.xml:50:9-61:20
166            android:name="com.onesignal.FCMBroadcastReceiver"
166-->[com.onesignal:OneSignal:4.8.5] AndroidManifest.xml:51:13-62
167            android:exported="true"
167-->[com.onesignal:OneSignal:4.8.5] AndroidManifest.xml:52:13-36
168            android:permission="com.google.android.c2dm.permission.SEND" >
168-->[com.onesignal:OneSignal:4.8.5] AndroidManifest.xml:53:13-73
169
170            <!-- High priority so OneSignal payloads can be filtered from other FCM receivers -->
171            <intent-filter android:priority="999" >
171-->[com.onesignal:OneSignal:4.8.5] AndroidManifest.xml:56:13-60:29
171-->[com.onesignal:OneSignal:4.8.5] AndroidManifest.xml:56:28-50
172                <action android:name="com.google.android.c2dm.intent.RECEIVE" />
172-->[com.onesignal:OneSignal:4.8.5] AndroidManifest.xml:57:17-81
172-->[com.onesignal:OneSignal:4.8.5] AndroidManifest.xml:57:25-78
173
174                <category android:name="gallery.hidepictures.photovault.lockgallery.gallery_vault" />
174-->[com.onesignal:OneSignal:4.8.5] AndroidManifest.xml:59:17-61
174-->[com.onesignal:OneSignal:4.8.5] AndroidManifest.xml:59:27-58
175            </intent-filter>
176        </receiver>
177
178        <service
178-->[com.onesignal:OneSignal:4.8.5] AndroidManifest.xml:63:9-69:19
179            android:name="com.onesignal.HmsMessageServiceOneSignal"
179-->[com.onesignal:OneSignal:4.8.5] AndroidManifest.xml:64:13-68
180            android:exported="false" >
180-->[com.onesignal:OneSignal:4.8.5] AndroidManifest.xml:65:13-37
181            <intent-filter>
181-->[com.onesignal:OneSignal:4.8.5] AndroidManifest.xml:66:13-68:29
182                <action android:name="com.huawei.push.action.MESSAGING_EVENT" />
182-->[com.onesignal:OneSignal:4.8.5] AndroidManifest.xml:67:17-81
182-->[com.onesignal:OneSignal:4.8.5] AndroidManifest.xml:67:25-78
183            </intent-filter>
184        </service>
185
186        <activity
186-->[com.onesignal:OneSignal:4.8.5] AndroidManifest.xml:71:9-79:20
187            android:name="com.onesignal.NotificationOpenedActivityHMS"
187-->[com.onesignal:OneSignal:4.8.5] AndroidManifest.xml:72:13-71
188            android:exported="true"
188-->[com.onesignal:OneSignal:4.8.5] AndroidManifest.xml:73:13-36
189            android:noHistory="true"
189-->[com.onesignal:OneSignal:4.8.5] AndroidManifest.xml:74:13-37
190            android:theme="@android:style/Theme.Translucent.NoTitleBar" >
190-->[com.onesignal:OneSignal:4.8.5] AndroidManifest.xml:75:13-72
191            <intent-filter>
191-->[com.onesignal:OneSignal:4.8.5] AndroidManifest.xml:76:13-78:29
192                <action android:name="android.intent.action.VIEW" />
192-->[com.onesignal:OneSignal:4.8.5] AndroidManifest.xml:77:17-69
192-->[com.onesignal:OneSignal:4.8.5] AndroidManifest.xml:77:25-66
193            </intent-filter>
194        </activity>
195
196        <service
196-->[com.onesignal:OneSignal:4.8.5] AndroidManifest.xml:81:9-83:40
197            android:name="com.onesignal.FCMIntentService"
197-->[com.onesignal:OneSignal:4.8.5] AndroidManifest.xml:82:13-58
198            android:exported="false" />
198-->[com.onesignal:OneSignal:4.8.5] AndroidManifest.xml:83:13-37
199        <service
199-->[com.onesignal:OneSignal:4.8.5] AndroidManifest.xml:84:9-87:72
200            android:name="com.onesignal.FCMIntentJobService"
200-->[com.onesignal:OneSignal:4.8.5] AndroidManifest.xml:85:13-61
201            android:exported="false"
201-->[com.onesignal:OneSignal:4.8.5] AndroidManifest.xml:86:13-37
202            android:permission="android.permission.BIND_JOB_SERVICE" />
202-->[com.onesignal:OneSignal:4.8.5] AndroidManifest.xml:87:13-69
203        <service
203-->[com.onesignal:OneSignal:4.8.5] AndroidManifest.xml:88:9-91:43
204            android:name="com.onesignal.SyncService"
204-->[com.onesignal:OneSignal:4.8.5] AndroidManifest.xml:89:13-53
205            android:exported="false"
205-->[com.onesignal:OneSignal:4.8.5] AndroidManifest.xml:90:13-37
206            android:stopWithTask="true" />
206-->[com.onesignal:OneSignal:4.8.5] AndroidManifest.xml:91:13-40
207        <service
207-->[com.onesignal:OneSignal:4.8.5] AndroidManifest.xml:92:9-95:72
208            android:name="com.onesignal.SyncJobService"
208-->[com.onesignal:OneSignal:4.8.5] AndroidManifest.xml:93:13-56
209            android:exported="false"
209-->[com.onesignal:OneSignal:4.8.5] AndroidManifest.xml:94:13-37
210            android:permission="android.permission.BIND_JOB_SERVICE" />
210-->[com.onesignal:OneSignal:4.8.5] AndroidManifest.xml:95:13-69
211
212        <activity
212-->[com.onesignal:OneSignal:4.8.5] AndroidManifest.xml:97:9-100:75
213            android:name="com.onesignal.PermissionsActivity"
213-->[com.onesignal:OneSignal:4.8.5] AndroidManifest.xml:98:13-61
214            android:exported="false"
214-->[com.onesignal:OneSignal:4.8.5] AndroidManifest.xml:99:13-37
215            android:theme="@android:style/Theme.Translucent.NoTitleBar" />
215-->[com.onesignal:OneSignal:4.8.5] AndroidManifest.xml:100:13-72
216
217        <receiver
217-->[com.onesignal:OneSignal:4.8.5] AndroidManifest.xml:102:9-104:39
218            android:name="com.onesignal.NotificationDismissReceiver"
218-->[com.onesignal:OneSignal:4.8.5] AndroidManifest.xml:103:13-69
219            android:exported="true" />
219-->[com.onesignal:OneSignal:4.8.5] AndroidManifest.xml:104:13-36
220        <receiver
220-->[com.onesignal:OneSignal:4.8.5] AndroidManifest.xml:105:9-112:20
221            android:name="com.onesignal.BootUpReceiver"
221-->[com.onesignal:OneSignal:4.8.5] AndroidManifest.xml:106:13-56
222            android:exported="true" >
222-->[com.onesignal:OneSignal:4.8.5] AndroidManifest.xml:107:13-36
223            <intent-filter>
223-->[com.onesignal:OneSignal:4.8.5] AndroidManifest.xml:108:13-111:29
224                <action android:name="android.intent.action.BOOT_COMPLETED" />
224-->[com.onesignal:OneSignal:4.8.5] AndroidManifest.xml:109:17-79
224-->[com.onesignal:OneSignal:4.8.5] AndroidManifest.xml:109:25-76
225                <action android:name="android.intent.action.QUICKBOOT_POWERON" />
225-->[com.onesignal:OneSignal:4.8.5] AndroidManifest.xml:110:17-82
225-->[com.onesignal:OneSignal:4.8.5] AndroidManifest.xml:110:25-79
226            </intent-filter>
227        </receiver>
228        <receiver
228-->[com.onesignal:OneSignal:4.8.5] AndroidManifest.xml:113:9-119:20
229            android:name="com.onesignal.UpgradeReceiver"
229-->[com.onesignal:OneSignal:4.8.5] AndroidManifest.xml:114:13-57
230            android:exported="true" >
230-->[com.onesignal:OneSignal:4.8.5] AndroidManifest.xml:115:13-36
231            <intent-filter>
231-->[com.onesignal:OneSignal:4.8.5] AndroidManifest.xml:116:13-118:29
232                <action android:name="android.intent.action.MY_PACKAGE_REPLACED" />
232-->[com.onesignal:OneSignal:4.8.5] AndroidManifest.xml:117:17-84
232-->[com.onesignal:OneSignal:4.8.5] AndroidManifest.xml:117:25-81
233            </intent-filter>
234        </receiver>
235
236        <activity
236-->[com.onesignal:OneSignal:4.8.5] AndroidManifest.xml:121:9-127:75
237            android:name="com.onesignal.NotificationOpenedReceiver"
237-->[com.onesignal:OneSignal:4.8.5] AndroidManifest.xml:122:13-68
238            android:excludeFromRecents="true"
238-->[com.onesignal:OneSignal:4.8.5] AndroidManifest.xml:123:13-46
239            android:exported="true"
239-->[com.onesignal:OneSignal:4.8.5] AndroidManifest.xml:124:13-36
240            android:noHistory="true"
240-->[com.onesignal:OneSignal:4.8.5] AndroidManifest.xml:125:13-37
241            android:taskAffinity=""
241-->[com.onesignal:OneSignal:4.8.5] AndroidManifest.xml:126:13-36
242            android:theme="@android:style/Theme.Translucent.NoTitleBar" />
242-->[com.onesignal:OneSignal:4.8.5] AndroidManifest.xml:127:13-72
243        <activity
243-->[com.onesignal:OneSignal:4.8.5] AndroidManifest.xml:128:9-133:75
244            android:name="com.onesignal.NotificationOpenedReceiverAndroid22AndOlder"
244-->[com.onesignal:OneSignal:4.8.5] AndroidManifest.xml:129:13-85
245            android:excludeFromRecents="true"
245-->[com.onesignal:OneSignal:4.8.5] AndroidManifest.xml:130:13-46
246            android:exported="true"
246-->[com.onesignal:OneSignal:4.8.5] AndroidManifest.xml:131:13-36
247            android:noHistory="true"
247-->[com.onesignal:OneSignal:4.8.5] AndroidManifest.xml:132:13-37
248            android:theme="@android:style/Theme.Translucent.NoTitleBar" />
248-->[com.onesignal:OneSignal:4.8.5] AndroidManifest.xml:133:13-72
249        <activity
249-->[com.google.android.gms:play-services-base:17.6.0] AndroidManifest.xml:23:9-26:75
250            android:name="com.google.android.gms.common.api.GoogleApiActivity"
250-->[com.google.android.gms:play-services-base:17.6.0] AndroidManifest.xml:24:13-79
251            android:exported="false"
251-->[com.google.android.gms:play-services-base:17.6.0] AndroidManifest.xml:25:13-37
252            android:theme="@android:style/Theme.Translucent.NoTitleBar" />
252-->[com.google.android.gms:play-services-base:17.6.0] AndroidManifest.xml:26:13-72
253
254        <receiver
254-->[com.google.firebase:firebase-messaging:22.0.0] AndroidManifest.xml:28:9-35:20
255            android:name="com.google.firebase.iid.FirebaseInstanceIdReceiver"
255-->[com.google.firebase:firebase-messaging:22.0.0] AndroidManifest.xml:29:13-78
256            android:exported="true"
256-->[com.google.firebase:firebase-messaging:22.0.0] AndroidManifest.xml:30:13-36
257            android:permission="com.google.android.c2dm.permission.SEND" >
257-->[com.google.firebase:firebase-messaging:22.0.0] AndroidManifest.xml:31:13-73
258            <intent-filter>
258-->[com.google.firebase:firebase-messaging:22.0.0] AndroidManifest.xml:32:13-34:29
259                <action android:name="com.google.android.c2dm.intent.RECEIVE" />
259-->[com.onesignal:OneSignal:4.8.5] AndroidManifest.xml:57:17-81
259-->[com.onesignal:OneSignal:4.8.5] AndroidManifest.xml:57:25-78
260            </intent-filter>
261        </receiver>
262        <!--
263             FirebaseMessagingService performs security checks at runtime,
264             but set to not exported to explicitly avoid allowing another app to call it.
265        -->
266        <service
266-->[com.google.firebase:firebase-messaging:22.0.0] AndroidManifest.xml:41:9-48:19
267            android:name="com.google.firebase.messaging.FirebaseMessagingService"
267-->[com.google.firebase:firebase-messaging:22.0.0] AndroidManifest.xml:42:13-82
268            android:directBootAware="true"
268-->[com.google.firebase:firebase-messaging:22.0.0] AndroidManifest.xml:43:13-43
269            android:exported="false" >
269-->[com.google.firebase:firebase-messaging:22.0.0] AndroidManifest.xml:44:13-37
270            <intent-filter android:priority="-500" >
270-->[com.google.firebase:firebase-messaging:22.0.0] AndroidManifest.xml:45:13-47:29
270-->[com.google.firebase:firebase-messaging:22.0.0] AndroidManifest.xml:45:28-51
271                <action android:name="com.google.firebase.MESSAGING_EVENT" />
271-->[com.google.firebase:firebase-messaging:22.0.0] AndroidManifest.xml:46:17-78
271-->[com.google.firebase:firebase-messaging:22.0.0] AndroidManifest.xml:46:25-75
272            </intent-filter>
273        </service>
274        <service
274-->[com.google.firebase:firebase-messaging:22.0.0] AndroidManifest.xml:49:9-55:19
275            android:name="com.google.firebase.components.ComponentDiscoveryService"
275-->[com.google.firebase:firebase-messaging:22.0.0] AndroidManifest.xml:50:13-84
276            android:directBootAware="true"
276-->[com.google.firebase:firebase-common:20.0.0] AndroidManifest.xml:35:13-43
277            android:exported="false" >
277-->[com.google.firebase:firebase-messaging:22.0.0] AndroidManifest.xml:51:13-37
278            <meta-data
278-->[com.google.firebase:firebase-messaging:22.0.0] AndroidManifest.xml:52:13-54:85
279                android:name="com.google.firebase.components:com.google.firebase.messaging.FirebaseMessagingRegistrar"
279-->[com.google.firebase:firebase-messaging:22.0.0] AndroidManifest.xml:53:17-119
280                android:value="com.google.firebase.components.ComponentRegistrar" />
280-->[com.google.firebase:firebase-messaging:22.0.0] AndroidManifest.xml:54:17-82
281            <meta-data
281-->[com.google.firebase:firebase-datatransport:18.0.0] AndroidManifest.xml:28:13-30:85
282                android:name="com.google.firebase.components:com.google.firebase.datatransport.TransportRegistrar"
282-->[com.google.firebase:firebase-datatransport:18.0.0] AndroidManifest.xml:29:17-115
283                android:value="com.google.firebase.components.ComponentRegistrar" />
283-->[com.google.firebase:firebase-datatransport:18.0.0] AndroidManifest.xml:30:17-82
284            <meta-data